
** (waybar:37375): WARNING **: 20:53:37.993: Status Notifier Item with bus name ':1.11' and object path '/org/ayatana/NotificationItem/nm_applet' is already registered
Terminated

** (waybar:37743): WARNING **: 20:54:02.342: Status Notifier Item with bus name ':1.11' and object path '/org/ayatana/NotificationItem/nm_applet' is already registered
Terminated

** (waybar:38158): WARNING **: 20:54:45.512: Status Notifier Item with bus name ':1.11' and object path '/org/ayatana/NotificationItem/nm_applet' is already registered
Terminated

** (waybar:38731): WARNING **: 20:55:07.321: Status Notifier Item with bus name ':1.11' and object path '/org/ayatana/NotificationItem/nm_applet' is already registered
Terminated

** (waybar:39144): WARNING **: 20:55:28.808: Status Notifier Item with bus name ':1.11' and object path '/org/ayatana/NotificationItem/nm_applet' is already registered
Terminated

** (waybar:39557): WARNING **: 20:55:43.997: Status Notifier Item with bus name ':1.11' and object path '/org/ayatana/NotificationItem/nm_applet' is already registered
Exception ignored in sys.unraisablehook: <built-in function unraisablehook>
Traceback (most recent call last):
  File "/home/weygoldt/.config/hypr/scripts/mediaplayer.py", line 74, in signal_handler
    sys.stdout.flush()
  File "/home/weygoldt/.config/hypr/scripts/mediaplayer.py", line 76, in signal_handler
    sys.exit(0)
SystemExit: 0

(waybar:4454): GLib-GObject-CRITICAL **: 08:17:24.082: ../glib/gobject/gsignal.c:2088: type 'GtkWindow' is already overridden for signal id '73'

(waybar:4454): GLib-GObject-CRITICAL **: 08:17:24.090: ../glib/gobject/gsignal.c:2088: type 'GtkWindow' is already overridden for signal id '72'

** (waybar:4454): WARNING **: 08:17:24.312: Status Notifier Item with bus name ':1.13' and object path '/org/ayatana/NotificationItem/nm_applet' is already registered
Terminated

(waybar:4836): GLib-GObject-CRITICAL **: 08:17:56.977: ../glib/gobject/gsignal.c:2088: type 'GtkWindow' is already overridden for signal id '73'

(waybar:4836): GLib-GObject-CRITICAL **: 08:17:56.977: ../glib/gobject/gsignal.c:2088: type 'GtkWindow' is already overridden for signal id '72'

** (waybar:4836): WARNING **: 08:17:57.203: Status Notifier Item with bus name ':1.13' and object path '/org/ayatana/NotificationItem/nm_applet' is already registered
Terminated

(waybar:5229): GLib-GObject-CRITICAL **: 08:18:30.597: ../glib/gobject/gsignal.c:2088: type 'GtkWindow' is already overridden for signal id '73'

(waybar:5229): GLib-GObject-CRITICAL **: 08:18:30.597: ../glib/gobject/gsignal.c:2088: type 'GtkWindow' is already overridden for signal id '72'

** (waybar:5229): WARNING **: 08:18:30.818: Status Notifier Item with bus name ':1.13' and object path '/org/ayatana/NotificationItem/nm_applet' is already registered
Terminated

(waybar:6005): GLib-GObject-CRITICAL **: 08:20:08.297: ../glib/gobject/gsignal.c:2088: type 'GtkWindow' is already overridden for signal id '73'

(waybar:6005): GLib-GObject-CRITICAL **: 08:20:08.297: ../glib/gobject/gsignal.c:2088: type 'GtkWindow' is already overridden for signal id '72'

** (waybar:6005): WARNING **: 08:20:08.520: Status Notifier Item with bus name ':1.13' and object path '/org/ayatana/NotificationItem/nm_applet' is already registered
Terminated

(waybar:29674): GLib-GObject-CRITICAL **: 08:57:39.873: ../glib/gobject/gsignal.c:2088: type 'GtkWindow' is already overridden for signal id '73'

(waybar:29674): GLib-GObject-CRITICAL **: 08:57:39.873: ../glib/gobject/gsignal.c:2088: type 'GtkWindow' is already overridden for signal id '72'

** (waybar:29674): WARNING **: 08:57:40.096: Status Notifier Item with bus name ':1.13' and object path '/org/ayatana/NotificationItem/nm_applet' is already registered

** (waybar:29674): WARNING **: 09:02:23.608: Status Notifier Item with bus name ':1.13' and object path '/org/ayatana/NotificationItem/nm_applet' is already registered

** (waybar:29674): WARNING **: 09:02:28.151: Status Notifier Item with bus name ':1.13' and object path '/org/ayatana/NotificationItem/nm_applet' is already registered
/home/weygoldt/.config/hypr/scripts/volume: line 37: pamixer: command not found
/home/weygoldt/.config/hypr/scripts/volume: line 37: pamixer: command not found
/home/weygoldt/.config/hypr/scripts/volume: line 37: pamixer: command not found
/home/weygoldt/.config/hypr/scripts/volume: line 37: pamixer: command not found
/home/weygoldt/.config/hypr/scripts/volume: line 37: pamixer: command not found
/home/weygoldt/.config/hypr/scripts/volume: line 37: pamixer: command not found
/home/weygoldt/.config/hypr/scripts/volume: line 37: pamixer: command not found
/home/weygoldt/.config/hypr/scripts/volume: line 37: pamixer: command not found
/home/weygoldt/.config/hypr/scripts/volume: line 32: pamixer: command not found
/home/weygoldt/.config/hypr/scripts/volume: line 32: pamixer: command not found
/home/weygoldt/.config/hypr/scripts/volume: line 32: pamixer: command not found
/home/weygoldt/.config/hypr/scripts/volume: line 32: pamixer: command not found
/home/weygoldt/.config/hypr/scripts/volume: line 32: pamixer: command not found
/home/weygoldt/.config/hypr/scripts/volume: line 32: pamixer: command not found
/home/weygoldt/.config/hypr/scripts/volume: line 32: pamixer: command not found
/home/weygoldt/.config/hypr/scripts/volume: line 32: pamixer: command not found
sh: line 1: pamixer: command not found
sh: line 1: pamixer: command not found
Gdk-Message: 09:11:04.672: Error reading events from display: Connection reset by peer
Exception ignored in: <module 'threading' from '/usr/lib/python3.11/threading.py'>
Traceback (most recent call last):
  File "/usr/lib/python3.11/threading.py", line 1563, in _shutdown
    _main_thread._stop()
  File "/usr/lib/python3.11/threading.py", line 1069, in _stop
    _maintain_shutdown_locks()
  File "/usr/lib/python3.11/threading.py", line 822, in _maintain_shutdown_locks
    def _maintain_shutdown_locks():
    
  File "/home/weygoldt/.config/hypr/scripts/mediaplayer.py", line 74, in signal_handler
    sys.stdout.flush()
  File "/home/weygoldt/.config/hypr/scripts/mediaplayer.py", line 74, in signal_handler
    sys.stdout.flush()
RuntimeError: reentrant call inside <_io.BufferedWriter name='<stdout>'>

(waybar:110979): GLib-GObject-CRITICAL **: 09:50:07.711: ../glib/gobject/gsignal.c:2088: type 'GtkWindow' is already overridden for signal id '73'

(waybar:110979): GLib-GObject-CRITICAL **: 09:50:07.711: ../glib/gobject/gsignal.c:2088: type 'GtkWindow' is already overridden for signal id '72'
[2023-11-30 09:50:07.936] [error] Item '': No icon name or pixmap given.
[2023-11-30 09:50:07.947] [error] Item '': No icon name or pixmap given.
[2023-11-30 09:50:07.947] [error] Item '': No icon name or pixmap given.

** (waybar:110979): WARNING **: 09:50:07.948: Status Notifier Item with bus name ':1.247' and object path '/org/ayatana/NotificationItem/nm_applet' is already registered
[2023-11-30 09:50:07.950] [error] Item '': No icon name or pixmap given.
Terminated

(waybar:117893): GLib-GObject-CRITICAL **: 09:59:11.414: ../glib/gobject/gsignal.c:2088: type 'GtkWindow' is already overridden for signal id '73'

(waybar:117893): GLib-GObject-CRITICAL **: 09:59:11.414: ../glib/gobject/gsignal.c:2088: type 'GtkWindow' is already overridden for signal id '72'
[2023-11-30 09:59:11.636] [error] Item '': No icon name or pixmap given.
[2023-11-30 09:59:11.644] [error] Item '': No icon name or pixmap given.

** (waybar:117893): WARNING **: 09:59:11.647: Status Notifier Item with bus name ':1.247' and object path '/org/ayatana/NotificationItem/nm_applet' is already registered
Terminated

(waybar:119454): GLib-GObject-CRITICAL **: 10:00:42.651: ../glib/gobject/gsignal.c:2088: type 'GtkWindow' is already overridden for signal id '73'

(waybar:119454): GLib-GObject-CRITICAL **: 10:00:42.651: ../glib/gobject/gsignal.c:2088: type 'GtkWindow' is already overridden for signal id '72'
[2023-11-30 10:00:42.882] [error] Item '': No icon name or pixmap given.
[2023-11-30 10:00:42.890] [error] Item '': No icon name or pixmap given.

** (waybar:119454): WARNING **: 10:00:42.893: Status Notifier Item with bus name ':1.247' and object path '/org/ayatana/NotificationItem/nm_applet' is already registered
Terminated

(waybar:121348): GLib-GObject-CRITICAL **: 10:02:37.010: ../glib/gobject/gsignal.c:2088: type 'GtkWindow' is already overridden for signal id '73'

(waybar:121348): GLib-GObject-CRITICAL **: 10:02:37.010: ../glib/gobject/gsignal.c:2088: type 'GtkWindow' is already overridden for signal id '72'
[2023-11-30 10:02:37.239] [error] Item '': No icon name or pixmap given.
[2023-11-30 10:02:37.247] [error] Item '': No icon name or pixmap given.
[2023-11-30 10:02:37.247] [error] Item '': No icon name or pixmap given.

** (waybar:121348): WARNING **: 10:02:37.247: Status Notifier Item with bus name ':1.247' and object path '/org/ayatana/NotificationItem/nm_applet' is already registered
Terminated

(waybar:122809): GLib-GObject-CRITICAL **: 10:03:47.489: ../glib/gobject/gsignal.c:2088: type 'GtkWindow' is already overridden for signal id '73'

(waybar:122809): GLib-GObject-CRITICAL **: 10:03:47.489: ../glib/gobject/gsignal.c:2088: type 'GtkWindow' is already overridden for signal id '72'

** (waybar:122809): WARNING **: 10:03:47.711: Status Notifier Item with bus name ':1.247' and object path '/org/ayatana/NotificationItem/nm_applet' is already registered
[2023-11-30 10:03:47.719] [error] Item '': No icon name or pixmap given.
[2023-11-30 10:03:47.727] [error] Item '': No icon name or pixmap given.
[2023-11-30 10:03:47.727] [error] Item '': No icon name or pixmap given.
Terminated

(waybar:123705): GLib-GObject-CRITICAL **: 10:04:28.981: ../glib/gobject/gsignal.c:2088: type 'GtkWindow' is already overridden for signal id '73'

(waybar:123705): GLib-GObject-CRITICAL **: 10:04:28.981: ../glib/gobject/gsignal.c:2088: type 'GtkWindow' is already overridden for signal id '72'

** (waybar:123705): WARNING **: 10:04:29.209: Status Notifier Item with bus name ':1.247' and object path '/org/ayatana/NotificationItem/nm_applet' is already registered
[2023-11-30 10:04:29.216] [error] Item '': No icon name or pixmap given.
[2023-11-30 10:04:29.224] [error] Item '': No icon name or pixmap given.
[2023-11-30 10:04:29.224] [error] Item '': No icon name or pixmap given.
Terminated
[2023-11-30 10:05:24.532] [error] * Line 17, Column 3
  Missing ',' or '}' in object declaration

[2023-11-30 10:05:29.043] [error] * Line 17, Column 3
  Missing ',' or '}' in object declaration

[2023-11-30 10:05:48.000] [error] * Line 17, Column 3
  Missing ',' or '}' in object declaration

[2023-11-30 10:05:51.507] [error] * Line 17, Column 3
  Missing ',' or '}' in object declaration


(waybar:125524): GLib-GObject-CRITICAL **: 10:06:27.077: ../glib/gobject/gsignal.c:2088: type 'GtkWindow' is already overridden for signal id '73'

(waybar:125524): GLib-GObject-CRITICAL **: 10:06:27.077: ../glib/gobject/gsignal.c:2088: type 'GtkWindow' is already overridden for signal id '72'

** (waybar:125524): WARNING **: 10:06:27.311: Status Notifier Item with bus name ':1.247' and object path '/org/ayatana/NotificationItem/nm_applet' is already registered
[2023-11-30 10:06:27.317] [error] Item '': No icon name or pixmap given.
[2023-11-30 10:06:27.325] [error] Item '': No icon name or pixmap given.
[2023-11-30 10:06:27.325] [error] Item '': No icon name or pixmap given.
Terminated
[2023-11-30 10:10:47.621] [error] * Line 239, Column 73
  Missing ',' or '}' in object declaration

[2023-11-30 10:11:47.048] [error] * Line 239, Column 73
  Missing ',' or '}' in object declaration


(waybar:131941): GLib-GObject-CRITICAL **: 10:14:14.342: ../glib/gobject/gsignal.c:2088: type 'GtkWindow' is already overridden for signal id '73'

(waybar:131941): GLib-GObject-CRITICAL **: 10:14:14.342: ../glib/gobject/gsignal.c:2088: type 'GtkWindow' is already overridden for signal id '72'
[2023-11-30 10:14:14.583] [error] Item '': No icon name or pixmap given.
[2023-11-30 10:14:14.591] [error] Item '': No icon name or pixmap given.
[2023-11-30 10:14:14.591] [error] Item '': No icon name or pixmap given.

** (waybar:131941): WARNING **: 10:14:14.591: Status Notifier Item with bus name ':1.247' and object path '/org/ayatana/NotificationItem/nm_applet' is already registered
[2023-11-30 10:14:14.593] [error] Item '': No icon name or pixmap given.
sh: line 1: /home/weygoldt/.config/hypr/scripts/glassmorphismToggle: No such file or directory
sh: line 1: /home/weygoldt/.config/hypr/scripts/glassmorphismToggle: No such file or directory

** (waybar:3995): WARNING **: 10:29:54.369: Status Notifier Item with bus name ':1.13' and object path '/org/ayatana/NotificationItem/nm_applet' is already registered
Terminated

** (waybar:4684): WARNING **: 10:30:26.163: Status Notifier Item with bus name ':1.13' and object path '/org/ayatana/NotificationItem/nm_applet' is already registered
Terminated

** (waybar:5372): WARNING **: 10:31:01.349: Status Notifier Item with bus name ':1.13' and object path '/org/ayatana/NotificationItem/nm_applet' is already registered
Terminated

** (waybar:6525): WARNING **: 10:32:21.920: Status Notifier Item with bus name ':1.13' and object path '/org/ayatana/NotificationItem/nm_applet' is already registered
Terminated

** (waybar:6834): WARNING **: 10:32:30.081: Status Notifier Item with bus name ':1.13' and object path '/org/ayatana/NotificationItem/nm_applet' is already registered
Terminated

** (waybar:7230): WARNING **: 10:32:45.687: Status Notifier Item with bus name ':1.13' and object path '/org/ayatana/NotificationItem/nm_applet' is already registered
Terminated

** (waybar:7551): WARNING **: 10:32:55.142: Status Notifier Item with bus name ':1.13' and object path '/org/ayatana/NotificationItem/nm_applet' is already registered
Terminated

** (waybar:9847): WARNING **: 10:34:13.379: Status Notifier Item with bus name ':1.13' and object path '/org/ayatana/NotificationItem/nm_applet' is already registered
Terminated

** (waybar:11436): WARNING **: 10:36:09.856: Status Notifier Item with bus name ':1.13' and object path '/org/ayatana/NotificationItem/nm_applet' is already registered
Terminated

** (waybar:12688): WARNING **: 10:37:38.247: Status Notifier Item with bus name ':1.13' and object path '/org/ayatana/NotificationItem/nm_applet' is already registered
Terminated

** (waybar:13202): WARNING **: 10:38:03.987: Status Notifier Item with bus name ':1.13' and object path '/org/ayatana/NotificationItem/nm_applet' is already registered
Terminated

** (waybar:13747): WARNING **: 10:38:31.478: Status Notifier Item with bus name ':1.13' and object path '/org/ayatana/NotificationItem/nm_applet' is already registered
Terminated

** (waybar:14175): WARNING **: 10:38:45.974: Status Notifier Item with bus name ':1.13' and object path '/org/ayatana/NotificationItem/nm_applet' is already registered
Terminated

** (waybar:14610): WARNING **: 10:39:00.772: Status Notifier Item with bus name ':1.13' and object path '/org/ayatana/NotificationItem/nm_applet' is already registered
Gdk-Message: 11:11:30.075: Error reading events from display: Broken pipe
